{
  "stats": {
    "suites": 1,
    "tests": 2,
    "passes": 2,
    "pending": 0,
    "failures": 0,
    "start": "2022-03-13T16:16:57.973Z",
    "end": "2022-03-13T16:17:04.496Z",
    "duration": 6523,
    "testsRegistered": 2,
    "passPercent": 100,
    "pendingPercent": 0,
    "other": 0,
    "hasOther": false,
    "skipped": 0,
    "hasSkipped": false
  },
  "results": [
    {
      "uuid": "83c56b07-0997-43ef-9da5-8ef936439e74",
      "title": "",
      "fullFile": "cypress/integration/2-advanced-examples/aliasing.spec.js",
      "file": "cypress/integration/2-advanced-examples/aliasing.spec.js",
      "beforeHooks": [],
      "afterHooks": [],
      "tests": [],
      "suites": [
        {
          "uuid": "dcb8d5ab-76f1-4787-9045-65e01ab973c2",
          "title": "Aliasing",
          "fullFile": "",
          "file": "",
          "beforeHooks": [],
          "afterHooks": [],
          "tests": [
            {
              "title": ".as() - alias a DOM element for later use",
              "fullTitle": "Aliasing .as() - alias a DOM element for later use",
              "timedOut": null,
              "duration": 2966,
              "state": "passed",
              "speed": "fast",
              "pass": true,
              "fail": false,
              "pending": false,
              "context": "\"videos/2-advanced-examples/aliasing.spec.js.mp4\"",
              "code": "// https://on.cypress.io/as\n// Alias a DOM element for use later\n// We don't have to traverse to the element\n// later in our code, we reference it with @\ncy.get('.as-table').find('tbody>tr').first().find('td').first().find('button').as('firstBtn'); // when we reference the alias, we place an\n// @ in front of its name\ncy.get('@firstBtn').click();\ncy.get('@firstBtn').should('have.class', 'btn-success').and('contain', 'Changed');",
              "err": {},
              "uuid": "e5d50de0-fe93-45af-815d-d68b0f2c98bc",
              "parentUUID": "dcb8d5ab-76f1-4787-9045-65e01ab973c2",
              "isHook": false,
              "skipped": false
            },
            {
              "title": ".as() - alias a route for later use",
              "fullTitle": "Aliasing .as() - alias a route for later use",
              "timedOut": null,
              "duration": 1243,
              "state": "passed",
              "speed": "fast",
              "pass": true,
              "fail": false,
              "pending": false,
              "context": "\"videos/2-advanced-examples/aliasing.spec.js.mp4\"",
              "code": "// Alias the route to wait for its response\ncy.intercept('GET', '**/comments/*').as('getComment'); // we have code that gets a comment when\n// the button is clicked in scripts.js\ncy.get('.network-btn').click(); // https://on.cypress.io/wait\ncy.wait('@getComment').its('response.statusCode').should('eq', 200);",
              "err": {},
              "uuid": "9988c0b3-172c-4eb6-a038-f6c0cb5c8ff0",
              "parentUUID": "dcb8d5ab-76f1-4787-9045-65e01ab973c2",
              "isHook": false,
              "skipped": false
            }
          ],
          "suites": [],
          "passes": [
            "e5d50de0-fe93-45af-815d-d68b0f2c98bc",
            "9988c0b3-172c-4eb6-a038-f6c0cb5c8ff0"
          ],
          "failures": [],
          "pending": [],
          "skipped": [],
          "duration": 4209,
          "root": false,
          "rootEmpty": false,
          "_timeout": 2000
        }
      ],
      "passes": [],
      "failures": [],
      "pending": [],
      "skipped": [],
      "duration": 0,
      "root": true,
      "rootEmpty": true,
      "_timeout": 2000
    }
  ],
  "meta": {
    "mocha": {
      "version": "7.0.1"
    },
    "mochawesome": {
      "options": {
        "quiet": false,
        "reportFilename": "mochawesome",
        "saveHtml": false,
        "saveJson": true,
        "consoleReporter": "spec",
        "useInlineDiffs": false,
        "code": true
      },
      "version": "7.1.2"
    },
    "marge": {
      "options": {
        "overwrite": false,
        "html": false,
        "json": true
      },
      "version": "6.1.1"
    }
  }
}