{
  "stats": {
    "suites": 1,
    "tests": 3,
    "passes": 3,
    "pending": 0,
    "failures": 0,
    "start": "2022-03-13T16:18:25.421Z",
    "end": "2022-03-13T16:18:37.498Z",
    "duration": 12077,
    "testsRegistered": 3,
    "passPercent": 100,
    "pendingPercent": 0,
    "other": 0,
    "hasOther": false,
    "skipped": 0,
    "hasSkipped": false
  },
  "results": [
    {
      "uuid": "c56abbc7-f8dd-4976-bf18-46efa851e205",
      "title": "",
      "fullFile": "cypress/integration/2-advanced-examples/navigation.spec.js",
      "file": "cypress/integration/2-advanced-examples/navigation.spec.js",
      "beforeHooks": [],
      "afterHooks": [],
      "tests": [],
      "suites": [
        {
          "uuid": "0600cc99-b9ae-4867-854d-c5cc7c206ce8",
          "title": "Navigation",
          "fullFile": "",
          "file": "",
          "beforeHooks": [],
          "afterHooks": [],
          "tests": [
            {
              "title": "cy.go() - go back or forward in the browser's history",
              "fullTitle": "Navigation cy.go() - go back or forward in the browser's history",
              "timedOut": null,
              "duration": 5321,
              "state": "passed",
              "speed": "medium",
              "pass": true,
              "fail": false,
              "pending": false,
              "context": "\"videos/2-advanced-examples/navigation.spec.js.mp4\"",
              "code": "// https://on.cypress.io/go\ncy.location('pathname').should('include', 'navigation');\ncy.go('back');\ncy.location('pathname').should('not.include', 'navigation');\ncy.go('forward');\ncy.location('pathname').should('include', 'navigation'); // clicking back\ncy.go(-1);\ncy.location('pathname').should('not.include', 'navigation'); // clicking forward\ncy.go(1);\ncy.location('pathname').should('include', 'navigation');",
              "err": {},
              "uuid": "cbad72f3-b90b-4685-aa7e-dabe6cf50754",
              "parentUUID": "0600cc99-b9ae-4867-854d-c5cc7c206ce8",
              "isHook": false,
              "skipped": false
            },
            {
              "title": "cy.reload() - reload the page",
              "fullTitle": "Navigation cy.reload() - reload the page",
              "timedOut": null,
              "duration": 3896,
              "state": "passed",
              "speed": "fast",
              "pass": true,
              "fail": false,
              "pending": false,
              "context": "\"videos/2-advanced-examples/navigation.spec.js.mp4\"",
              "code": "// https://on.cypress.io/reload\ncy.reload(); // reload the page without using the cache\ncy.reload(true);",
              "err": {},
              "uuid": "8e568a2b-ea99-4ee4-8eb9-c559bdd45ed8",
              "parentUUID": "0600cc99-b9ae-4867-854d-c5cc7c206ce8",
              "isHook": false,
              "skipped": false
            },
            {
              "title": "cy.visit() - visit a remote url",
              "fullTitle": "Navigation cy.visit() - visit a remote url",
              "timedOut": null,
              "duration": 1389,
              "state": "passed",
              "speed": "fast",
              "pass": true,
              "fail": false,
              "pending": false,
              "context": "\"videos/2-advanced-examples/navigation.spec.js.mp4\"",
              "code": "// https://on.cypress.io/visit\n// Visit any sub-domain of your current domain\n// Pass options to the visit\ncy.visit('https://example.cypress.io/commands/navigation', {\n  timeout: 50000,\n  // increase total time for the visit to resolve\n  onBeforeLoad(contentWindow) {\n    // contentWindow is the remote page's window object\n    expect(typeof contentWindow === 'object').to.be.true;\n  },\n  onLoad(contentWindow) {\n    // contentWindow is the remote page's window object\n    expect(typeof contentWindow === 'object').to.be.true;\n  }\n});",
              "err": {},
              "uuid": "a279d96d-456d-411c-befb-71f07e0727a2",
              "parentUUID": "0600cc99-b9ae-4867-854d-c5cc7c206ce8",
              "isHook": false,
              "skipped": false
            }
          ],
          "suites": [],
          "passes": [
            "cbad72f3-b90b-4685-aa7e-dabe6cf50754",
            "8e568a2b-ea99-4ee4-8eb9-c559bdd45ed8",
            "a279d96d-456d-411c-befb-71f07e0727a2"
          ],
          "failures": [],
          "pending": [],
          "skipped": [],
          "duration": 10606,
          "root": false,
          "rootEmpty": false,
          "_timeout": 2000
        }
      ],
      "passes": [],
      "failures": [],
      "pending": [],
      "skipped": [],
      "duration": 0,
      "root": true,
      "rootEmpty": true,
      "_timeout": 2000
    }
  ],
  "meta": {
    "mocha": {
      "version": "7.0.1"
    },
    "mochawesome": {
      "options": {
        "quiet": false,
        "reportFilename": "mochawesome",
        "saveHtml": false,
        "saveJson": true,
        "consoleReporter": "spec",
        "useInlineDiffs": false,
        "code": true
      },
      "version": "7.1.2"
    },
    "marge": {
      "options": {
        "overwrite": false,
        "html": false,
        "json": true
      },
      "version": "6.1.1"
    }
  }
}